<?xml version="1.0" encoding="UTF-8"?>
<!-- Generated by org.testng.reporters.JUnitReportReporter -->
<testsuite skipped="0" hostname="Tests-MacBook-Air.local" name="MavenFramework1.SearchUser" tests="1" failures="0" timestamp="09 Jan 2019 18:27:27 GMT" time="664.832" errors="0">
  <testcase name="SearchUser" time="664.832" classname="MavenFramework1.SearchUser"/>
</testsuite> <!-- MavenFramework1.SearchUser -->
